4.226270e+00 4.160418e+00 4.143115e+00 4.137520e+00 4.135621e+00 4.134481e+00 4.132000e+00 4.122419e+00 4.075570e+00 3.754341e+00
4.873330e+00 4.786428e+00 4.754451e+00 4.743726e+00 4.740076e+00 4.737888e+00 4.733150e+00 4.715039e+00 4.629517e+00 4.112495e+00
5.203757e+00 5.107845e+00 5.064086e+00 5.049050e+00 5.043931e+00 5.040874e+00 5.034298e+00 5.009471e+00 4.896123e+00 4.267135e+00
5.343712e+00 5.237549e+00 5.184683e+00 5.166418e+00 5.160222e+00 5.156545e+00 5.148695e+00 5.119417e+00 4.989377e+00 4.306241e+00
5.349191e+00 5.226547e+00 5.167185e+00 5.146977e+00 5.140185e+00 5.136185e+00 5.127712e+00 5.096448e+00 4.960252e+00 4.265659e+00
5.234424e+00 5.088127e+00 5.025203e+00 5.004508e+00 4.997653e+00 4.993653e+00 4.985243e+00 4.954465e+00 4.821832e+00 4.150892e+00
4.980132e+00 4.805143e+00 4.742371e+00 4.722783e+00 4.716417e+00 4.712740e+00 4.705060e+00 4.677105e+00 4.556972e+00 3.942660e+00
4.526932e+00 4.324740e+00 4.267077e+00 4.250262e+00 4.244916e+00 4.241859e+00 4.235510e+00 4.212461e+00 4.113018e+00 3.590311e+00
3.750602e+00 3.538008e+00 3.491961e+00 3.479544e+00 3.475684e+00 3.473495e+00 3.468969e+00 3.452550e+00 3.381097e+00 2.989768e+00
2.405200e+00 2.233704e+00 2.207080e+00 2.200446e+00 2.198420e+00 2.197280e+00 2.194925e+00 2.186384e+00 2.148855e+00 1.933271e+00

3.592175e+00 3.445885e+00 3.409821e+00 3.398684e+00 3.394978e+00 3.392834e+00 3.388443e+00 3.372697e+00 3.305725e+00 2.951438e+00
4.002787e+00 3.776649e+00 3.709244e+00 3.687879e+00 3.680757e+00 3.676644e+00 3.668255e+00 3.638440e+00 3.515315e+00 2.937387e+00
4.243674e+00 3.968305e+00 3.875546e+00 3.845592e+00 3.835605e+00 3.829858e+00 3.818209e+00 3.777272e+00 3.613220e+00 2.905205e+00
4.337026e+00 4.023160e+00 3.911169e+00 3.874812e+00 3.862731e+00 3.855818e+00 3.841905e+00 3.793585e+00 3.604936e+00 2.836124e+00
4.296483e+00 3.945378e+00 3.820426e+00 3.780277e+00 3.767040e+00 3.759520e+00 3.744501e+00 3.692901e+00 3.495522e+00 2.719859e+00
4.121289e+00 3.732107e+00 3.601149e+00 3.560151e+00 3.546801e+00 3.539280e+00 3.524375e+00 3.473623e+00 3.282251e+00 2.544665e+00
3.793896e+00 3.370473e+00 3.241869e+00 3.203206e+00 3.190820e+00 3.183906e+00 3.170299e+00 3.124284e+00 2.952249e+00 2.292994e+00
3.278028e+00 2.837463e+00 2.721627e+00 2.688584e+00 2.678192e+00 2.672446e+00 2.661201e+00 2.623353e+00 2.482378e+00 1.939560e+00
2.517832e+00 2.103820e+00 2.013430e+00 1.989143e+00 1.981646e+00 1.977533e+00 1.969519e+00 1.942627e+00 1.842485e+00 1.452432e+00
1.443522e+00 1.148342e+00 1.097358e+00 1.084436e+00 1.080506e+00 1.078362e+00 1.074195e+00 1.060234e+00 1.008182e+00 8.027844e-01

3.368491e+00 3.163424e+00 3.110737e+00 3.094606e+00 3.089311e+00 3.086388e+00 3.080838e+00 3.062340e+00 2.991285e+00 2.659248e+00
3.617487e+00 3.281968e+00 3.182802e+00 3.151842e+00 3.141665e+00 3.136058e+00 3.125454e+00 3.090413e+00 2.959703e+00 2.423650e+00
3.752250e+00 3.328018e+00 3.190940e+00 3.147529e+00 3.133261e+00 3.125427e+00 3.110699e+00 3.062572e+00 2.888484e+00 2.238754e+00
3.777151e+00 3.286083e+00 3.120499e+00 3.067849e+00 3.050596e+00 3.041171e+00 3.023579e+00 2.966778e+00 2.766953e+00 2.069862e+00
3.692655e+00 3.146615e+00 2.962564e+00 2.904521e+00 2.885629e+00 2.875376e+00 2.856386e+00 2.795770e+00 2.587409e+00 1.893966e+00
3.492944e+00 2.901966e+00 2.710576e+00 2.651464e+00 2.632425e+00 2.622172e+00 2.603329e+00 2.543782e+00 2.342761e+00 1.694255e+00
3.164403e+00 2.544837e+00 2.359014e+00 2.303463e+00 2.285815e+00 2.276390e+00 2.259193e+00 2.205294e+00 2.025706e+00 1.457113e+00
2.684840e+00 2.069236e+00 1.904219e+00 1.856931e+00 1.842141e+00 1.834307e+00 1.820100e+00 1.775851e+00 1.629701e+00 1.171344e+00
2.023598e+00 1.474415e+00 1.347665e+00 1.313050e+00 1.302389e+00 1.296782e+00 1.286662e+00 1.255276e+00 1.152151e+00 8.297610e-01
1.142905e+00 7.725314e-01 7.021183e-01 6.837625e-01 6.781779e-01 6.752550e-01 6.699944e-01 6.537215e-01 6.003922e-01 4.336615e-01

3.265528e+00 3.021182e+00 2.955582e+00 2.935416e+00 2.928858e+00 2.925416e+00 2.919375e+00 2.900431e+00 2.832204e+00 2.527502e+00
3.426121e+00 3.015856e+00 2.891917e+00 2.853203e+00 2.840600e+00 2.833997e+00 2.822456e+00 2.786579e+00 2.661382e+00 2.177575e+00
3.492656e+00 2.964648e+00 2.792890e+00 2.738611e+00 2.720945e+00 2.711719e+00 2.695689e+00 2.646447e+00 2.480274e+00 1.903550e+00
3.469822e+00 2.853872e+00 2.646347e+00 2.580557e+00 2.559203e+00 2.548103e+00 2.528959e+00 2.470898e+00 2.280966e+00 1.672406e+00
3.357076e+00 2.673832e+00 2.443728e+00 2.371297e+00 2.347926e+00 2.335850e+00 2.315190e+00 2.253308e+00 2.056233e+00 1.460853e+00
3.148617e+00 2.417614e+00 2.179546e+00 2.105931e+00 2.082395e+00 2.070319e+00 2.049824e+00 1.989126e+00 1.800015e+00 1.252395e+00
2.832888e+00 2.080751e+00 1.851303e+00 1.782304e+00 1.760505e+00 1.749405e+00 1.730706e+00 1.675854e+00 1.507845e+00 1.035473e+00
2.391738e+00 1.662002e+00 1.460070e+00 1.401508e+00 1.383255e+00 1.374029e+00 1.358587e+00 1.313628e+00 1.177628e+00 8.026323e-01
1.799118e+00 1.165340e+00 1.011732e+00 9.689880e-01 9.558413e-01 9.492383e-01 9.382406e-01 9.063946e-01 8.108671e-01 5.505725e-01
1.018801e+00 6.031137e-01 5.185330e-01 4.959180e-01 4.890347e-01 4.855926e-01 4.798774e-01 4.633814e-01 4.141352e-01 2.807751e-01

3.208984e+00 2.938825e+00 2.864094e+00 2.841058e+00 2.833645e+00 2.829946e+00 2.823919e+00 2.805832e+00 2.742701e+00 2.460270e+00
3.318570e+00 2.858872e+00 2.717404e+00 2.673178e+00 2.658933e+00 2.651837e+00 2.640323e+00 2.606101e+00 2.490711e+00 2.049608e+00
3.343586e+00 2.746561e+00 2.550264e+00 2.488266e+00 2.468301e+00 2.458385e+00 2.442399e+00 2.395488e+00 2.243096e+00 1.726103e+00
3.291034e+00 2.591876e+00 2.354724e+00 2.279618e+00 2.255492e+00 2.243562e+00 2.224476e+00 2.169253e+00 1.996038e+00 1.459636e+00
3.161656e+00 2.387332e+00 2.124821e+00 2.042215e+00 2.015821e+00 2.002843e+00 1.982253e+00 1.923500e+00 1.744808e+00 1.228563e+00
2.950508e+00 2.127457e+00 1.856748e+00 1.772911e+00 1.746344e+00 1.733365e+00 1.712949e+00 1.655427e+00 1.484933e+00 1.017414e+00
2.646766e+00 1.808805e+00 1.549096e+00 1.470655e+00 1.446062e+00 1.434133e+00 1.415513e+00 1.363625e+00 1.212967e+00 8.153676e-01
2.232771e+00 1.430540e+00 1.203233e+00 1.136787e+00 1.116206e+00 1.106291e+00 1.090920e+00 1.048457e+00 9.270749e-01 6.152890e-01
1.682134e+00 9.956710e-01 8.237588e-01 7.753498e-01 7.605344e-01 7.534383e-01 7.424950e-01 7.124550e-01 6.275101e-01 4.131730e-01
9.564656e-01 5.130020e-01 4.188271e-01 3.932515e-01 3.854973e-01 3.817982e-01 3.761124e-01 3.605645e-01 3.168783e-01 2.077520e-01

3.168951e+00 2.881113e+00 2.800662e+00 2.776043e+00 2.768247e+00 2.764548e+00 2.758904e+00 2.742399e+00 2.684989e+00 2.420237e+00
3.242200e+00 2.748673e+00 2.596241e+00 2.548978e+00 2.534000e+00 2.526903e+00 2.516124e+00 2.484938e+00 2.380512e+00 1.973239e+00
3.237613e+00 2.593469e+00 2.381870e+00 2.315629e+00 2.294639e+00 2.284724e+00 2.269763e+00 2.227094e+00 2.090003e+00 1.620130e+00
3.164304e+00 2.408616e+00 2.153073e+00 2.072863e+00 2.047504e+00 2.035574e+00 2.017722e+00 1.967602e+00 1.812777e+00 1.332906e+00
3.024266e+00 2.188545e+00 1.906038e+00 1.817881e+00 1.790145e+00 1.777167e+00 1.757919e+00 1.704717e+00 1.546020e+00 1.091172e+00
2.813118e+00 1.928670e+00 1.637965e+00 1.548577e+00 1.520667e+00 1.507689e+00 1.488615e+00 1.436644e+00 1.286146e+00 8.800241e-01
2.520035e+00 1.625544e+00 1.347445e+00 1.263900e+00 1.238074e+00 1.226145e+00 1.208759e+00 1.161973e+00 1.029706e+00 6.886372e-01
2.126798e+00 1.277448e+00 1.034839e+00 9.641503e-01 9.425448e-01 9.326295e-01 9.182837e-01 8.800635e-01 7.739828e-01 5.093159e-01
1.605765e+00 8.854719e-01 7.025960e-01 6.511501e-01 6.356012e-01 6.285051e-01 6.182952e-01 5.912922e-01 5.173110e-01 3.368037e-01
9.164328e-01 4.552901e-01 3.553948e-01 3.282358e-01 3.200993e-01 3.164003e-01 3.110968e-01 2.971323e-01 2.591664e-01 1.677192e-01

3.125047e+00 2.824141e+00 2.741422e+00 2.716717e+00 2.709091e+00 2.705649e+00 2.700676e+00 2.686270e+00 2.635162e+00 2.387021e+00
3.159430e+00 2.641134e+00 2.484407e+00 2.436989e+00 2.422337e+00 2.415734e+00 2.406242e+00 2.379069e+00 2.286661e+00 1.910885e+00
3.124613e+00 2.446474e+00 2.228990e+00 2.162555e+00 2.142025e+00 2.132799e+00 2.119634e+00 2.082547e+00 1.962099e+00 1.535507e+00
3.031662e+00 2.235939e+00 1.973496e+00 1.893088e+00 1.868289e+00 1.857189e+00 1.841490e+00 1.798047e+00 1.663033e+00 1.234246e+00
2.883237e+00 2.004953e+00 1.715164e+00 1.626834e+00 1.599715e+00 1.587639e+00 1.570728e+00 1.524744e+00 1.387353e+00 9.870141e-01
2.674778e+00 1.748734e+00 1.450983e+00 1.361469e+00 1.334184e+00 1.322108e+00 1.305362e+00 1.260563e+00 1.131135e+00 7.785556e-01
2.394728e+00 1.462818e+00 1.178453e+00 1.094835e+00 1.069591e+00 1.058490e+00 1.043237e+00 1.003004e+00 8.899121e-01 5.973127e-01
2.023696e+00 1.143828e+00 8.961704e-01 8.254525e-01 8.043357e-01 7.951096e-01 7.825310e-01 7.497274e-01 6.594532e-01 4.345895e-01
1.532427e+00 7.906194e-01 6.042221e-01 5.527740e-01 5.375779e-01 5.309748e-01 5.220266e-01 4.988844e-01 4.361460e-01 2.838817e-01
8.783202e-01 4.060724e-01 3.043729e-01 2.772190e-01 2.692674e-01 2.658253e-01 2.611784e-01 2.492212e-01 2.170939e-01 1.402944e-01

3.049476e+00 2.739703e+00 2.659405e+00 2.636551e+00 2.629749e+00 2.626827e+00 2.622783e+00 2.611008e+00 2.567564e+00 2.340233e+00
3.021332e+00 2.486925e+00 2.334969e+00 2.291126e+00 2.278059e+00 2.272452e+00 2.264737e+00 2.242580e+00 2.164660e+00 1.827495e+00
2.942656e+00 2.243760e+00 2.033225e+00 1.971834e+00 1.953529e+00 1.945695e+00 1.935004e+00 1.904857e+00 1.804225e+00 1.429160e+00
2.825137e+00 2.006875e+00 1.753233e+00 1.678974e+00 1.656864e+00 1.647440e+00 1.634704e+00 1.599512e+00 1.487744e+00 1.117848e+00
2.669867e+00 1.769862e+00 1.490214e+00 1.408678e+00 1.384503e+00 1.374250e+00 1.360543e+00 1.323421e+00 1.210657e+00 8.711785e-01
2.470156e+00 1.525213e+00 1.238227e+00 1.155620e+00 1.131298e+00 1.121046e+00 1.107486e+00 1.071433e+00 9.660082e-01 6.714675e-01
2.212389e+00 1.265628e+00 9.917484e-01 9.145883e-01 8.920837e-01 8.826590e-01 8.703186e-01 8.380277e-01 7.464975e-01 5.050993e-01
1.875246e+00 9.849774e-01 7.465036e-01 6.812359e-01 6.624089e-01 6.545751e-01 6.444053e-01 6.181356e-01 5.454428e-01 3.617499e-01
1.427443e+00 6.793725e-01 4.998315e-01 4.523332e-01 4.387829e-01 4.331760e-01 4.259450e-01 4.074421e-01 3.571079e-01 2.336058e-01
8.238898e-01 3.488102e-01 2.507859e-01 2.257079e-01 2.186167e-01 2.156938e-01 2.119398e-01 2.023891e-01 1.766710e-01 1.146466e-01

2.873520e+00 2.566554e+00 2.496691e+00 2.478309e+00 2.473088e+00 2.470943e+00 2.468068e+00 2.459566e+00 2.426393e+00 2.232783e+00
2.722984e+00 2.196225e+00 2.064485e+00 2.029254e+00 2.019224e+00 2.015111e+00 2.009630e+00 1.993681e+00 1.934891e+00 1.657584e+00
2.574639e+00 1.890445e+00 1.708615e+00 1.659338e+00 1.645290e+00 1.639544e+00 1.631955e+00 1.610341e+00 1.535360e+00 1.236170e+00
2.428266e+00 1.633081e+00 1.414758e+00 1.355208e+00 1.338244e+00 1.331331e+00 1.322302e+00 1.297174e+00 1.214857e+00 9.273644e-01
2.274336e+00 1.405779e+00 1.165657e+00 1.100311e+00 1.081763e+00 1.074243e+00 1.064535e+00 1.038131e+00 9.559232e-01 6.977122e-01
2.099142e+00 1.192508e+00 9.463795e-01 8.801847e-01 8.615236e-01 8.540033e-01 8.444094e-01 8.188540e-01 7.426519e-01 5.225181e-01
1.885137e+00 9.803942e-01 7.454576e-01 6.836026e-01 6.663326e-01 6.594194e-01 6.506958e-01 6.278732e-01 5.621703e-01 3.842349e-01
1.608993e+00 7.596026e-01 5.546959e-01 5.023299e-01 4.878776e-01 4.821310e-01 4.749469e-01 4.564220e-01 4.045175e-01 2.705246e-01
1.238030e+00 5.233961e-01 3.686707e-01 3.305180e-01 3.201126e-01 3.159993e-01 3.108938e-01 2.978673e-01 2.620619e-01 1.726297e-01
7.248670e-01 2.690105e-01 1.842280e-01 1.640623e-01 1.586153e-01 1.564709e-01 1.538212e-01 1.471038e-01 1.288500e-01 8.412935e-02

2.338422e+00 2.080745e+00 2.035472e+00 2.024820e+00 2.021941e+00 2.020801e+00 2.019300e+00 2.014776e+00 1.995897e+00 1.866493e+00
1.977367e+00 1.546831e+00 1.462183e+00 1.441802e+00 1.436274e+00 1.434086e+00 1.431227e+00 1.422772e+00 1.389919e+00 1.216533e+00
1.762121e+00 1.215428e+00 1.099542e+00 1.071088e+00 1.063348e+00 1.060291e+00 1.056336e+00 1.044927e+00 1.003707e+00 8.254995e-01
1.615905e+00 9.918842e-01 8.536253e-01 8.192913e-01 8.099467e-01 8.062695e-01 8.015684e-01 7.883591e-01 7.437127e-01 5.784336e-01
1.497862e+00 8.252668e-01 6.738205e-01 6.361775e-01 6.259618e-01 6.219618e-01 6.169126e-01 6.030832e-01 5.589717e-01 4.143302e-01
1.383095e+00 6.868474e-01 5.318378e-01 4.937090e-01 4.834299e-01 4.794299e-01 4.744441e-01 4.611005e-01 4.205523e-01 2.995632e-01
1.252324e+00 5.594787e-01 4.113129e-01 3.756567e-01 3.661412e-01 3.624640e-01 3.579337e-01 3.460467e-01 3.113072e-01 2.148531e-01
1.085297e+00 4.323234e-01 3.025325e-01 2.722996e-01 2.643331e-01 2.612762e-01 2.575476e-01 2.479174e-01 2.206015e-01 1.486753e-01
8.546399e-01 2.984107e-01 1.996934e-01 1.776207e-01 1.718821e-01 1.696938e-01 1.670451e-01 1.602823e-01 1.414990e-01 9.380532e-02
5.173515e-01 1.540311e-01 9.943666e-02 8.774581e-02 8.474049e-02 8.359960e-02 8.222527e-02 7.874072e-02 6.918267e-02 4.542266e-02
